2026-05-10T23:25:56Z | hook=pre-tool-secret-scan | tool=Write | path=/tmp/test.ts | status=BLOCKED | pattern=AKIA[0-9A-Z]{16}
2026-05-10T23:25:56Z | hook=pre-bash-destructive-confirm | status=BLOCKED | cmd=rm -rf /tmp/foo
2026-05-10T23:26:03Z | hook=pre-tool-secret-scan | tool=Write | path=/tmp/test.ts | status=BLOCKED | pattern=AKIA[0-9A-Z]{16}
2026-05-10T23:26:03Z | hook=pre-bash-destructive-confirm | status=BLOCKED | cmd=rm -rf /tmp/foo
2026-05-10T23:26:40Z | hook=pre-tool-secret-scan | tool=Write | path=/tmp/test.ts | status=BLOCKED | pattern=AKIA[0-9A-Z]{16}
2026-05-10T23:26:41Z | hook=pre-bash-destructive-confirm | status=BLOCKED | cmd=rm -rf /tmp/foo
2026-05-10T23:53:08Z | hook=pre-tool-secret-scan | tool=Write | path=src/config.ts | status=BLOCKED | pattern=AKIA[0-9A-Z]{16}
2026-05-10T23:53:08Z | hook=pre-tool-secret-scan | tool=Write | path=src/config.ts | status=BLOCKED | pattern=ghp_[A-Za-z0-9]{36}
2026-05-10T23:53:08Z | hook=pre-tool-secret-scan | tool=Write | path=src/config.ts | status=BLOCKED | pattern=-----BEGIN (RSA|EC|DSA|OPENSSH|PGP) PRIVATE KEY-----
2026-05-10T23:53:08Z | hook=pre-bash-destructive-confirm | status=BLOCKED | cmd=rm -rf /tmp/test-data
2026-05-10T23:53:08Z | hook=pre-bash-destructive-confirm | status=BLOCKED | cmd=git push origin main --force
2026-05-10T23:53:08Z | hook=pre-bash-destructive-confirm | status=BLOCKED | cmd=git reset --hard HEAD~5
2026-05-10T23:53:08Z | hook=pre-bash-destructive-confirm | status=BLOCKED | cmd=psql -c "DROP TABLE users"
2026-05-10T23:53:09Z | hook=pre-bash-destructive-confirm | status=ALLOWED_WITH_CONFIRMATION | cmd=rm -rf /tmp/foo # MB_CONFIRMED
2026-05-10T23:53:18Z | hook=pre-tool-secret-scan | tool=Write | path=src/config.ts | status=BLOCKED | pattern=AKIA[0-9A-Z]{16}
2026-05-10T23:53:18Z | hook=pre-tool-secret-scan | tool=Write | path=src/config.ts | status=BLOCKED | pattern=ghp_[A-Za-z0-9]{36}
2026-05-10T23:53:18Z | hook=pre-tool-secret-scan | tool=Write | path=src/config.ts | status=BLOCKED | pattern=-----BEGIN (RSA|EC|DSA|OPENSSH|PGP) PRIVATE KEY-----
2026-05-10T23:53:18Z | hook=pre-bash-destructive-confirm | status=BLOCKED | cmd=rm -rf /tmp/test-data
2026-05-10T23:53:18Z | hook=pre-bash-destructive-confirm | status=BLOCKED | cmd=git push origin main --force
2026-05-10T23:53:18Z | hook=pre-bash-destructive-confirm | status=BLOCKED | cmd=git reset --hard HEAD~5
2026-05-10T23:53:18Z | hook=pre-bash-destructive-confirm | status=BLOCKED | cmd=psql -c "DROP TABLE users"
2026-05-10T23:53:19Z | hook=pre-bash-destructive-confirm | status=ALLOWED_WITH_CONFIRMATION | cmd=rm -rf /tmp/foo # MB_CONFIRMED
2026-05-10T23:54:33Z | hook=pre-tool-secret-scan | tool=Write | path=src/config.ts | status=BLOCKED | pattern=AKIA[0-9A-Z]{16}
2026-05-10T23:54:33Z | hook=pre-tool-secret-scan | tool=Write | path=src/config.ts | status=BLOCKED | pattern=ghp_[A-Za-z0-9]{36}
2026-05-10T23:54:33Z | hook=pre-tool-secret-scan | tool=Write | path=src/config.ts | status=BLOCKED | pattern=-----BEGIN (RSA|EC|DSA|OPENSSH|PGP) PRIVATE KEY-----
2026-05-10T23:54:33Z | hook=pre-bash-destructive-confirm | status=BLOCKED | cmd=rm -rf /tmp/test-data
2026-05-10T23:54:34Z | hook=pre-bash-destructive-confirm | status=BLOCKED | cmd=git push origin main --force
2026-05-10T23:54:34Z | hook=pre-bash-destructive-confirm | status=BLOCKED | cmd=git reset --hard HEAD~5
2026-05-10T23:54:34Z | hook=pre-bash-destructive-confirm | status=BLOCKED | cmd=psql -c "DROP TABLE users"
2026-05-10T23:54:34Z | hook=pre-bash-destructive-confirm | status=ALLOWED_WITH_CONFIRMATION | cmd=rm -rf /tmp/foo # MB_CONFIRMED
2026-05-10T23:54:41Z | hook=pre-tool-secret-scan | tool=Write | path=src/config.ts | status=BLOCKED | pattern=AKIA[0-9A-Z]{16}
2026-05-10T23:54:41Z | hook=pre-tool-secret-scan | tool=Write | path=src/config.ts | status=BLOCKED | pattern=ghp_[A-Za-z0-9]{36}
2026-05-10T23:54:41Z | hook=pre-tool-secret-scan | tool=Write | path=src/config.ts | status=BLOCKED | pattern=-----BEGIN (RSA|EC|DSA|OPENSSH|PGP) PRIVATE KEY-----
2026-05-10T23:54:42Z | hook=pre-bash-destructive-confirm | status=BLOCKED | cmd=rm -rf /tmp/test-data
2026-05-10T23:54:42Z | hook=pre-bash-destructive-confirm | status=BLOCKED | cmd=git push origin main --force
2026-05-10T23:54:42Z | hook=pre-bash-destructive-confirm | status=BLOCKED | cmd=git reset --hard HEAD~5
2026-05-10T23:54:42Z | hook=pre-bash-destructive-confirm | status=BLOCKED | cmd=psql -c "DROP TABLE users"
2026-05-10T23:54:42Z | hook=pre-bash-destructive-confirm | status=ALLOWED_WITH_CONFIRMATION | cmd=rm -rf /tmp/foo # MB_CONFIRMED
2026-05-10T23:55:02Z | hook=pre-tool-secret-scan | tool=Write | path=src/config.ts | status=BLOCKED | pattern=AKIA[0-9A-Z]{16}
2026-05-10T23:55:02Z | hook=pre-tool-secret-scan | tool=Write | path=src/config.ts | status=BLOCKED | pattern=ghp_[A-Za-z0-9]{36}
2026-05-10T23:55:02Z | hook=pre-tool-secret-scan | tool=Write | path=src/config.ts | status=BLOCKED | pattern=-----BEGIN (RSA|EC|DSA|OPENSSH|PGP) PRIVATE KEY-----
2026-05-10T23:55:02Z | hook=pre-bash-destructive-confirm | status=BLOCKED | cmd=rm -rf /tmp/test-data
2026-05-10T23:55:02Z | hook=pre-bash-destructive-confirm | status=BLOCKED | cmd=git push origin main --force
2026-05-10T23:55:03Z | hook=pre-bash-destructive-confirm | status=BLOCKED | cmd=git reset --hard HEAD~5
2026-05-10T23:55:03Z | hook=pre-bash-destructive-confirm | status=BLOCKED | cmd=psql -c "DROP TABLE users"
2026-05-10T23:55:03Z | hook=pre-bash-destructive-confirm | status=ALLOWED_WITH_CONFIRMATION | cmd=rm -rf /tmp/foo # MB_CONFIRMED
2026-05-10T23:56:12Z | hook=pre-tool-secret-scan | tool=Write | path=src/config.ts | status=BLOCKED | pattern=AKIA[0-9A-Z]{16}
2026-05-10T23:56:12Z | hook=pre-tool-secret-scan | tool=Write | path=src/config.ts | status=BLOCKED | pattern=ghp_[A-Za-z0-9]{36}
2026-05-10T23:56:13Z | hook=pre-tool-secret-scan | tool=Write | path=src/config.ts | status=BLOCKED | pattern=-----BEGIN (RSA|EC|DSA|OPENSSH|PGP) PRIVATE KEY-----
2026-05-10T23:56:13Z | hook=pre-bash-destructive-confirm | status=BLOCKED | cmd=rm -rf /tmp/test-data
2026-05-10T23:56:13Z | hook=pre-bash-destructive-confirm | status=BLOCKED | cmd=git push origin main --force
2026-05-10T23:56:13Z | hook=pre-bash-destructive-confirm | status=BLOCKED | cmd=git reset --hard HEAD~5
2026-05-10T23:56:13Z | hook=pre-bash-destructive-confirm | status=BLOCKED | cmd=psql -c "DROP TABLE users"
2026-05-10T23:56:13Z | hook=pre-bash-destructive-confirm | status=ALLOWED_WITH_CONFIRMATION | cmd=rm -rf /tmp/foo # MB_CONFIRMED
2026-05-11T00:01:13Z | hook=pre-tool-secret-scan | tool=Write | path=src/config.ts | status=BLOCKED | pattern=AKIA[0-9A-Z]{16}
2026-05-11T00:01:14Z | hook=pre-tool-secret-scan | tool=Write | path=src/config.ts | status=BLOCKED | pattern=ghp_[A-Za-z0-9]{36}
2026-05-11T00:01:14Z | hook=pre-tool-secret-scan | tool=Write | path=src/config.ts | status=BLOCKED | pattern=-----BEGIN (RSA|EC|DSA|OPENSSH|PGP) PRIVATE KEY-----
2026-05-11T00:01:14Z | hook=pre-bash-destructive-confirm | status=BLOCKED | cmd=rm -rf /tmp/test-data
2026-05-11T00:01:14Z | hook=pre-bash-destructive-confirm | status=BLOCKED | cmd=git push origin main --force
2026-05-11T00:01:14Z | hook=pre-bash-destructive-confirm | status=BLOCKED | cmd=git reset --hard HEAD~5
2026-05-11T00:01:14Z | hook=pre-bash-destructive-confirm | status=BLOCKED | cmd=psql -c "DROP TABLE users"
2026-05-11T00:01:15Z | hook=pre-bash-destructive-confirm | status=ALLOWED_WITH_CONFIRMATION | cmd=rm -rf /tmp/foo # MB_CONFIRMED
2026-05-11T00:10:31Z | hook=pre-tool-secret-scan | tool=Write | path=src/config.ts | status=BLOCKED | pattern=AKIA[0-9A-Z]{16}
2026-05-11T00:10:31Z | hook=pre-tool-secret-scan | tool=Write | path=src/config.ts | status=BLOCKED | pattern=ghp_[A-Za-z0-9]{36}
2026-05-11T00:10:31Z | hook=pre-tool-secret-scan | tool=Write | path=src/config.ts | status=BLOCKED | pattern=-----BEGIN (RSA|EC|DSA|OPENSSH|PGP) PRIVATE KEY-----
2026-05-11T00:10:31Z | hook=pre-bash-destructive-confirm | status=BLOCKED | cmd=rm -rf /tmp/test-data
2026-05-11T00:10:31Z | hook=pre-bash-destructive-confirm | status=BLOCKED | cmd=git push origin main --force
2026-05-11T00:10:31Z | hook=pre-bash-destructive-confirm | status=BLOCKED | cmd=git reset --hard HEAD~5
2026-05-11T00:10:31Z | hook=pre-bash-destructive-confirm | status=BLOCKED | cmd=psql -c "DROP TABLE users"
2026-05-11T00:10:32Z | hook=pre-bash-destructive-confirm | status=ALLOWED_WITH_CONFIRMATION | cmd=rm -rf /tmp/foo # MB_CONFIRMED
2026-05-11T00:10:38Z | hook=pre-tool-secret-scan | tool=Write | path=src/config.ts | status=BLOCKED | pattern=AKIA[0-9A-Z]{16}
2026-05-11T00:10:38Z | hook=pre-tool-secret-scan | tool=Write | path=src/config.ts | status=BLOCKED | pattern=ghp_[A-Za-z0-9]{36}
2026-05-11T00:10:38Z | hook=pre-tool-secret-scan | tool=Write | path=src/config.ts | status=BLOCKED | pattern=-----BEGIN (RSA|EC|DSA|OPENSSH|PGP) PRIVATE KEY-----
2026-05-11T00:10:38Z | hook=pre-bash-destructive-confirm | status=BLOCKED | cmd=rm -rf /tmp/test-data
2026-05-11T00:10:38Z | hook=pre-bash-destructive-confirm | status=BLOCKED | cmd=git push origin main --force
2026-05-11T00:10:38Z | hook=pre-bash-destructive-confirm | status=BLOCKED | cmd=git reset --hard HEAD~5
2026-05-11T00:10:38Z | hook=pre-bash-destructive-confirm | status=BLOCKED | cmd=psql -c "DROP TABLE users"
2026-05-11T00:10:38Z | hook=pre-bash-destructive-confirm | status=ALLOWED_WITH_CONFIRMATION | cmd=rm -rf /tmp/foo # MB_CONFIRMED
2026-05-11T00:11:04Z | hook=pre-tool-secret-scan | tool=Write | path=src/config.ts | status=BLOCKED | pattern=AKIA[0-9A-Z]{16}
2026-05-11T00:11:04Z | hook=pre-tool-secret-scan | tool=Write | path=src/config.ts | status=BLOCKED | pattern=ghp_[A-Za-z0-9]{36}
2026-05-11T00:11:04Z | hook=pre-tool-secret-scan | tool=Write | path=src/config.ts | status=BLOCKED | pattern=-----BEGIN (RSA|EC|DSA|OPENSSH|PGP) PRIVATE KEY-----
2026-05-11T00:11:04Z | hook=pre-bash-destructive-confirm | status=BLOCKED | cmd=rm -rf /tmp/test-data
2026-05-11T00:11:04Z | hook=pre-bash-destructive-confirm | status=BLOCKED | cmd=git push origin main --force
2026-05-11T00:11:04Z | hook=pre-bash-destructive-confirm | status=BLOCKED | cmd=git reset --hard HEAD~5
2026-05-11T00:11:04Z | hook=pre-bash-destructive-confirm | status=BLOCKED | cmd=psql -c "DROP TABLE users"
2026-05-11T00:11:05Z | hook=pre-bash-destructive-confirm | status=ALLOWED_WITH_CONFIRMATION | cmd=rm -rf /tmp/foo # MB_CONFIRMED
2026-05-11T00:11:31Z | hook=pre-tool-secret-scan | tool=Write | path=src/config.ts | status=BLOCKED | pattern=AKIA[0-9A-Z]{16}
2026-05-11T00:11:31Z | hook=pre-tool-secret-scan | tool=Write | path=src/config.ts | status=BLOCKED | pattern=ghp_[A-Za-z0-9]{36}
2026-05-11T00:11:32Z | hook=pre-tool-secret-scan | tool=Write | path=src/config.ts | status=BLOCKED | pattern=-----BEGIN (RSA|EC|DSA|OPENSSH|PGP) PRIVATE KEY-----
2026-05-11T00:11:32Z | hook=pre-bash-destructive-confirm | status=BLOCKED | cmd=rm -rf /tmp/test-data
2026-05-11T00:11:32Z | hook=pre-bash-destructive-confirm | status=BLOCKED | cmd=git push origin main --force
2026-05-11T00:11:32Z | hook=pre-bash-destructive-confirm | status=BLOCKED | cmd=git reset --hard HEAD~5
2026-05-11T00:11:32Z | hook=pre-bash-destructive-confirm | status=BLOCKED | cmd=psql -c "DROP TABLE users"
2026-05-11T00:11:32Z | hook=pre-bash-destructive-confirm | status=ALLOWED_WITH_CONFIRMATION | cmd=rm -rf /tmp/foo # MB_CONFIRMED
2026-05-11T00:13:08Z | hook=pre-tool-secret-scan | tool=Write | path=src/config.ts | status=BLOCKED | pattern=AKIA[0-9A-Z]{16}
2026-05-11T00:13:08Z | hook=pre-tool-secret-scan | tool=Write | path=src/config.ts | status=BLOCKED | pattern=ghp_[A-Za-z0-9]{36}
2026-05-11T00:13:08Z | hook=pre-tool-secret-scan | tool=Write | path=src/config.ts | status=BLOCKED | pattern=-----BEGIN (RSA|EC|DSA|OPENSSH|PGP) PRIVATE KEY-----
2026-05-11T00:13:08Z | hook=pre-bash-destructive-confirm | status=BLOCKED | cmd=rm -rf /tmp/test-data
2026-05-11T00:13:08Z | hook=pre-bash-destructive-confirm | status=BLOCKED | cmd=git push origin main --force
2026-05-11T00:13:08Z | hook=pre-bash-destructive-confirm | status=BLOCKED | cmd=git reset --hard HEAD~5
2026-05-11T00:13:08Z | hook=pre-bash-destructive-confirm | status=BLOCKED | cmd=psql -c "DROP TABLE users"
2026-05-11T00:13:09Z | hook=pre-bash-destructive-confirm | status=ALLOWED_WITH_CONFIRMATION | cmd=rm -rf /tmp/foo # MB_CONFIRMED
2026-05-11T00:13:58Z | hook=pre-tool-secret-scan | tool=Write | path=src/config.ts | status=BLOCKED | pattern=AKIA[0-9A-Z]{16}
2026-05-11T00:13:58Z | hook=pre-tool-secret-scan | tool=Write | path=src/config.ts | status=BLOCKED | pattern=ghp_[A-Za-z0-9]{36}
2026-05-11T00:13:58Z | hook=pre-tool-secret-scan | tool=Write | path=src/config.ts | status=BLOCKED | pattern=-----BEGIN (RSA|EC|DSA|OPENSSH|PGP) PRIVATE KEY-----
2026-05-11T00:13:58Z | hook=pre-bash-destructive-confirm | status=BLOCKED | cmd=rm -rf /tmp/test-data
2026-05-11T00:13:58Z | hook=pre-bash-destructive-confirm | status=BLOCKED | cmd=git push origin main --force
2026-05-11T00:13:58Z | hook=pre-bash-destructive-confirm | status=BLOCKED | cmd=git reset --hard HEAD~5
2026-05-11T00:13:59Z | hook=pre-bash-destructive-confirm | status=BLOCKED | cmd=psql -c "DROP TABLE users"
2026-05-11T00:13:59Z | hook=pre-bash-destructive-confirm | status=ALLOWED_WITH_CONFIRMATION | cmd=rm -rf /tmp/foo # MB_CONFIRMED
2026-05-11T00:33:21Z | hook=pre-tool-secret-scan | tool=Write | path=src/config.ts | status=BLOCKED | pattern=AKIA[0-9A-Z]{16}
2026-05-11T00:33:21Z | hook=pre-tool-secret-scan | tool=Write | path=src/config.ts | status=BLOCKED | pattern=ghp_[A-Za-z0-9]{36}
2026-05-11T00:33:21Z | hook=pre-tool-secret-scan | tool=Write | path=src/config.ts | status=BLOCKED | pattern=-----BEGIN (RSA|EC|DSA|OPENSSH|PGP) PRIVATE KEY-----
2026-05-11T00:33:21Z | hook=pre-bash-destructive-confirm | status=BLOCKED | cmd=rm -rf /tmp/test-data
2026-05-11T00:33:21Z | hook=pre-bash-destructive-confirm | status=BLOCKED | cmd=git push origin main --force
2026-05-11T00:33:21Z | hook=pre-bash-destructive-confirm | status=BLOCKED | cmd=git reset --hard HEAD~5
2026-05-11T00:33:21Z | hook=pre-bash-destructive-confirm | status=BLOCKED | cmd=psql -c "DROP TABLE users"
2026-05-11T00:33:22Z | hook=pre-bash-destructive-confirm | status=ALLOWED_WITH_CONFIRMATION | cmd=rm -rf /tmp/foo # MB_CONFIRMED
2026-05-11T00:33:38Z | hook=pre-tool-secret-scan | tool=Write | path=src/config.ts | status=BLOCKED | pattern=AKIA[0-9A-Z]{16}
2026-05-11T00:33:38Z | hook=pre-tool-secret-scan | tool=Write | path=src/config.ts | status=BLOCKED | pattern=ghp_[A-Za-z0-9]{36}
2026-05-11T00:33:38Z | hook=pre-tool-secret-scan | tool=Write | path=src/config.ts | status=BLOCKED | pattern=-----BEGIN (RSA|EC|DSA|OPENSSH|PGP) PRIVATE KEY-----
2026-05-11T00:33:38Z | hook=pre-bash-destructive-confirm | status=BLOCKED | cmd=rm -rf /tmp/test-data
2026-05-11T00:33:38Z | hook=pre-bash-destructive-confirm | status=BLOCKED | cmd=git push origin main --force
2026-05-11T00:33:38Z | hook=pre-bash-destructive-confirm | status=BLOCKED | cmd=git reset --hard HEAD~5
2026-05-11T00:33:38Z | hook=pre-bash-destructive-confirm | status=BLOCKED | cmd=psql -c "DROP TABLE users"
2026-05-11T00:33:39Z | hook=pre-bash-destructive-confirm | status=ALLOWED_WITH_CONFIRMATION | cmd=rm -rf /tmp/foo # MB_CONFIRMED
2026-05-11T00:33:41Z | hook=pre-tool-secret-scan | tool=Write | path=src/config.ts | status=BLOCKED | pattern=AKIA[0-9A-Z]{16}
2026-05-11T00:33:41Z | hook=pre-tool-secret-scan | tool=Write | path=src/config.ts | status=BLOCKED | pattern=ghp_[A-Za-z0-9]{36}
2026-05-11T00:33:41Z | hook=pre-tool-secret-scan | tool=Write | path=src/config.ts | status=BLOCKED | pattern=-----BEGIN (RSA|EC|DSA|OPENSSH|PGP) PRIVATE KEY-----
2026-05-11T00:33:41Z | hook=pre-bash-destructive-confirm | status=BLOCKED | cmd=rm -rf /tmp/test-data
2026-05-11T00:33:41Z | hook=pre-bash-destructive-confirm | status=BLOCKED | cmd=git push origin main --force
2026-05-11T00:33:41Z | hook=pre-bash-destructive-confirm | status=BLOCKED | cmd=git reset --hard HEAD~5
2026-05-11T00:33:41Z | hook=pre-bash-destructive-confirm | status=BLOCKED | cmd=psql -c "DROP TABLE users"
2026-05-11T00:33:41Z | hook=pre-bash-destructive-confirm | status=ALLOWED_WITH_CONFIRMATION | cmd=rm -rf /tmp/foo # MB_CONFIRMED
2026-05-11T00:33:43Z | hook=pre-tool-secret-scan | tool=Write | path=src/config.ts | status=BLOCKED | pattern=AKIA[0-9A-Z]{16}
2026-05-11T00:33:43Z | hook=pre-tool-secret-scan | tool=Write | path=src/config.ts | status=BLOCKED | pattern=ghp_[A-Za-z0-9]{36}
2026-05-11T00:33:43Z | hook=pre-tool-secret-scan | tool=Write | path=src/config.ts | status=BLOCKED | pattern=-----BEGIN (RSA|EC|DSA|OPENSSH|PGP) PRIVATE KEY-----
2026-05-11T00:33:43Z | hook=pre-bash-destructive-confirm | status=BLOCKED | cmd=rm -rf /tmp/test-data
2026-05-11T00:33:43Z | hook=pre-bash-destructive-confirm | status=BLOCKED | cmd=git push origin main --force
2026-05-11T00:33:43Z | hook=pre-bash-destructive-confirm | status=BLOCKED | cmd=git reset --hard HEAD~5
2026-05-11T00:33:43Z | hook=pre-bash-destructive-confirm | status=BLOCKED | cmd=psql -c "DROP TABLE users"
2026-05-11T00:33:44Z | hook=pre-bash-destructive-confirm | status=ALLOWED_WITH_CONFIRMATION | cmd=rm -rf /tmp/foo # MB_CONFIRMED
2026-05-11T00:33:46Z | hook=pre-tool-secret-scan | tool=Write | path=src/config.ts | status=BLOCKED | pattern=AKIA[0-9A-Z]{16}
2026-05-11T00:33:46Z | hook=pre-tool-secret-scan | tool=Write | path=src/config.ts | status=BLOCKED | pattern=ghp_[A-Za-z0-9]{36}
2026-05-11T00:33:46Z | hook=pre-tool-secret-scan | tool=Write | path=src/config.ts | status=BLOCKED | pattern=-----BEGIN (RSA|EC|DSA|OPENSSH|PGP) PRIVATE KEY-----
2026-05-11T00:33:46Z | hook=pre-bash-destructive-confirm | status=BLOCKED | cmd=rm -rf /tmp/test-data
2026-05-11T00:33:46Z | hook=pre-bash-destructive-confirm | status=BLOCKED | cmd=git push origin main --force
2026-05-11T00:33:46Z | hook=pre-bash-destructive-confirm | status=BLOCKED | cmd=git reset --hard HEAD~5
2026-05-11T00:33:46Z | hook=pre-bash-destructive-confirm | status=BLOCKED | cmd=psql -c "DROP TABLE users"
2026-05-11T00:33:47Z | hook=pre-bash-destructive-confirm | status=ALLOWED_WITH_CONFIRMATION | cmd=rm -rf /tmp/foo # MB_CONFIRMED
2026-05-11T00:33:48Z | hook=pre-tool-secret-scan | tool=Write | path=src/config.ts | status=BLOCKED | pattern=AKIA[0-9A-Z]{16}
2026-05-11T00:33:48Z | hook=pre-tool-secret-scan | tool=Write | path=src/config.ts | status=BLOCKED | pattern=ghp_[A-Za-z0-9]{36}
2026-05-11T00:33:48Z | hook=pre-tool-secret-scan | tool=Write | path=src/config.ts | status=BLOCKED | pattern=-----BEGIN (RSA|EC|DSA|OPENSSH|PGP) PRIVATE KEY-----
2026-05-11T00:33:48Z | hook=pre-bash-destructive-confirm | status=BLOCKED | cmd=rm -rf /tmp/test-data
2026-05-11T00:33:49Z | hook=pre-bash-destructive-confirm | status=BLOCKED | cmd=git push origin main --force
2026-05-11T00:33:49Z | hook=pre-bash-destructive-confirm | status=BLOCKED | cmd=git reset --hard HEAD~5
2026-05-11T00:33:49Z | hook=pre-bash-destructive-confirm | status=BLOCKED | cmd=psql -c "DROP TABLE users"
2026-05-11T00:33:49Z | hook=pre-bash-destructive-confirm | status=ALLOWED_WITH_CONFIRMATION | cmd=rm -rf /tmp/foo # MB_CONFIRMED
2026-05-11T00:34:02Z | hook=pre-tool-secret-scan | tool=Write | path=src/config.ts | status=BLOCKED | pattern=AKIA[0-9A-Z]{16}
2026-05-11T00:34:02Z | hook=pre-tool-secret-scan | tool=Write | path=src/config.ts | status=BLOCKED | pattern=ghp_[A-Za-z0-9]{36}
2026-05-11T00:34:03Z | hook=pre-tool-secret-scan | tool=Write | path=src/config.ts | status=BLOCKED | pattern=-----BEGIN (RSA|EC|DSA|OPENSSH|PGP) PRIVATE KEY-----
2026-05-11T00:34:03Z | hook=pre-bash-destructive-confirm | status=BLOCKED | cmd=rm -rf /tmp/test-data
2026-05-11T00:34:03Z | hook=pre-bash-destructive-confirm | status=BLOCKED | cmd=git push origin main --force
2026-05-11T00:34:03Z | hook=pre-bash-destructive-confirm | status=BLOCKED | cmd=git reset --hard HEAD~5
2026-05-11T00:34:03Z | hook=pre-bash-destructive-confirm | status=BLOCKED | cmd=psql -c "DROP TABLE users"
2026-05-11T00:34:03Z | hook=pre-bash-destructive-confirm | status=ALLOWED_WITH_CONFIRMATION | cmd=rm -rf /tmp/foo # MB_CONFIRMED
2026-05-11T00:34:05Z | hook=pre-tool-secret-scan | tool=Write | path=src/config.ts | status=BLOCKED | pattern=AKIA[0-9A-Z]{16}
2026-05-11T00:34:05Z | hook=pre-tool-secret-scan | tool=Write | path=src/config.ts | status=BLOCKED | pattern=ghp_[A-Za-z0-9]{36}
2026-05-11T00:34:05Z | hook=pre-tool-secret-scan | tool=Write | path=src/config.ts | status=BLOCKED | pattern=-----BEGIN (RSA|EC|DSA|OPENSSH|PGP) PRIVATE KEY-----
2026-05-11T00:34:05Z | hook=pre-bash-destructive-confirm | status=BLOCKED | cmd=rm -rf /tmp/test-data
2026-05-11T00:34:05Z | hook=pre-bash-destructive-confirm | status=BLOCKED | cmd=git push origin main --force
2026-05-11T00:34:05Z | hook=pre-bash-destructive-confirm | status=BLOCKED | cmd=git reset --hard HEAD~5
2026-05-11T00:34:05Z | hook=pre-bash-destructive-confirm | status=BLOCKED | cmd=psql -c "DROP TABLE users"
2026-05-11T00:34:06Z | hook=pre-bash-destructive-confirm | status=ALLOWED_WITH_CONFIRMATION | cmd=rm -rf /tmp/foo # MB_CONFIRMED
2026-05-11T00:34:07Z | hook=pre-tool-secret-scan | tool=Write | path=src/config.ts | status=BLOCKED | pattern=AKIA[0-9A-Z]{16}
2026-05-11T00:34:07Z | hook=pre-tool-secret-scan | tool=Write | path=src/config.ts | status=BLOCKED | pattern=ghp_[A-Za-z0-9]{36}
2026-05-11T00:34:07Z | hook=pre-tool-secret-scan | tool=Write | path=src/config.ts | status=BLOCKED | pattern=-----BEGIN (RSA|EC|DSA|OPENSSH|PGP) PRIVATE KEY-----
2026-05-11T00:34:07Z | hook=pre-bash-destructive-confirm | status=BLOCKED | cmd=rm -rf /tmp/test-data
2026-05-11T00:34:07Z | hook=pre-bash-destructive-confirm | status=BLOCKED | cmd=git push origin main --force
2026-05-11T00:34:08Z | hook=pre-bash-destructive-confirm | status=BLOCKED | cmd=git reset --hard HEAD~5
2026-05-11T00:34:08Z | hook=pre-bash-destructive-confirm | status=BLOCKED | cmd=psql -c "DROP TABLE users"
2026-05-11T00:34:08Z | hook=pre-bash-destructive-confirm | status=ALLOWED_WITH_CONFIRMATION | cmd=rm -rf /tmp/foo # MB_CONFIRMED
2026-05-11T00:34:10Z | hook=pre-tool-secret-scan | tool=Write | path=src/config.ts | status=BLOCKED | pattern=AKIA[0-9A-Z]{16}
2026-05-11T00:34:10Z | hook=pre-tool-secret-scan | tool=Write | path=src/config.ts | status=BLOCKED | pattern=ghp_[A-Za-z0-9]{36}
2026-05-11T00:34:10Z | hook=pre-tool-secret-scan | tool=Write | path=src/config.ts | status=BLOCKED | pattern=-----BEGIN (RSA|EC|DSA|OPENSSH|PGP) PRIVATE KEY-----
2026-05-11T00:34:10Z | hook=pre-bash-destructive-confirm | status=BLOCKED | cmd=rm -rf /tmp/test-data
2026-05-11T00:34:10Z | hook=pre-bash-destructive-confirm | status=BLOCKED | cmd=git push origin main --force
2026-05-11T00:34:10Z | hook=pre-bash-destructive-confirm | status=BLOCKED | cmd=git reset --hard HEAD~5
2026-05-11T00:34:10Z | hook=pre-bash-destructive-confirm | status=BLOCKED | cmd=psql -c "DROP TABLE users"
2026-05-11T00:34:11Z | hook=pre-bash-destructive-confirm | status=ALLOWED_WITH_CONFIRMATION | cmd=rm -rf /tmp/foo # MB_CONFIRMED
2026-05-11T00:34:12Z | hook=pre-tool-secret-scan | tool=Write | path=src/config.ts | status=BLOCKED | pattern=AKIA[0-9A-Z]{16}
2026-05-11T00:34:12Z | hook=pre-tool-secret-scan | tool=Write | path=src/config.ts | status=BLOCKED | pattern=ghp_[A-Za-z0-9]{36}
2026-05-11T00:34:12Z | hook=pre-tool-secret-scan | tool=Write | path=src/config.ts | status=BLOCKED | pattern=-----BEGIN (RSA|EC|DSA|OPENSSH|PGP) PRIVATE KEY-----
2026-05-11T00:34:12Z | hook=pre-bash-destructive-confirm | status=BLOCKED | cmd=rm -rf /tmp/test-data
2026-05-11T00:34:12Z | hook=pre-bash-destructive-confirm | status=BLOCKED | cmd=git push origin main --force
2026-05-11T00:34:12Z | hook=pre-bash-destructive-confirm | status=BLOCKED | cmd=git reset --hard HEAD~5
2026-05-11T00:34:12Z | hook=pre-bash-destructive-confirm | status=BLOCKED | cmd=psql -c "DROP TABLE users"
2026-05-11T00:34:13Z | hook=pre-bash-destructive-confirm | status=ALLOWED_WITH_CONFIRMATION | cmd=rm -rf /tmp/foo # MB_CONFIRMED
2026-05-11T00:35:26Z | hook=pre-tool-secret-scan | tool=Write | path=src/config.ts | status=BLOCKED | pattern=AKIA[0-9A-Z]{16}
2026-05-11T00:35:26Z | hook=pre-tool-secret-scan | tool=Write | path=src/config.ts | status=BLOCKED | pattern=ghp_[A-Za-z0-9]{36}
2026-05-11T00:35:26Z | hook=pre-tool-secret-scan | tool=Write | path=src/config.ts | status=BLOCKED | pattern=-----BEGIN (RSA|EC|DSA|OPENSSH|PGP) PRIVATE KEY-----
2026-05-11T00:35:26Z | hook=pre-bash-destructive-confirm | status=BLOCKED | cmd=rm -rf /tmp/test-data
2026-05-11T00:35:26Z | hook=pre-bash-destructive-confirm | status=BLOCKED | cmd=git push origin main --force
2026-05-11T00:35:26Z | hook=pre-bash-destructive-confirm | status=BLOCKED | cmd=git reset --hard HEAD~5
2026-05-11T00:35:26Z | hook=pre-bash-destructive-confirm | status=BLOCKED | cmd=psql -c "DROP TABLE users"
2026-05-11T00:35:27Z | hook=pre-bash-destructive-confirm | status=ALLOWED_WITH_CONFIRMATION | cmd=rm -rf /tmp/foo # MB_CONFIRMED
2026-05-11T00:35:28Z | hook=pre-tool-secret-scan | tool=Write | path=src/config.ts | status=BLOCKED | pattern=AKIA[0-9A-Z]{16}
2026-05-11T00:35:29Z | hook=pre-tool-secret-scan | tool=Write | path=src/config.ts | status=BLOCKED | pattern=ghp_[A-Za-z0-9]{36}
2026-05-11T00:35:29Z | hook=pre-tool-secret-scan | tool=Write | path=src/config.ts | status=BLOCKED | pattern=-----BEGIN (RSA|EC|DSA|OPENSSH|PGP) PRIVATE KEY-----
2026-05-11T00:35:29Z | hook=pre-bash-destructive-confirm | status=BLOCKED | cmd=rm -rf /tmp/test-data
2026-05-11T00:35:29Z | hook=pre-bash-destructive-confirm | status=BLOCKED | cmd=git push origin main --force
2026-05-11T00:35:29Z | hook=pre-bash-destructive-confirm | status=BLOCKED | cmd=git reset --hard HEAD~5
2026-05-11T00:35:29Z | hook=pre-bash-destructive-confirm | status=BLOCKED | cmd=psql -c "DROP TABLE users"
2026-05-11T00:35:29Z | hook=pre-bash-destructive-confirm | status=ALLOWED_WITH_CONFIRMATION | cmd=rm -rf /tmp/foo # MB_CONFIRMED
2026-05-11T00:35:31Z | hook=pre-tool-secret-scan | tool=Write | path=src/config.ts | status=BLOCKED | pattern=AKIA[0-9A-Z]{16}
2026-05-11T00:35:31Z | hook=pre-tool-secret-scan | tool=Write | path=src/config.ts | status=BLOCKED | pattern=ghp_[A-Za-z0-9]{36}
2026-05-11T00:35:31Z | hook=pre-tool-secret-scan | tool=Write | path=src/config.ts | status=BLOCKED | pattern=-----BEGIN (RSA|EC|DSA|OPENSSH|PGP) PRIVATE KEY-----
2026-05-11T00:35:31Z | hook=pre-bash-destructive-confirm | status=BLOCKED | cmd=rm -rf /tmp/test-data
2026-05-11T00:35:31Z | hook=pre-bash-destructive-confirm | status=BLOCKED | cmd=git push origin main --force
2026-05-11T00:35:31Z | hook=pre-bash-destructive-confirm | status=BLOCKED | cmd=git reset --hard HEAD~5
2026-05-11T00:35:31Z | hook=pre-bash-destructive-confirm | status=BLOCKED | cmd=psql -c "DROP TABLE users"
2026-05-11T00:35:32Z | hook=pre-bash-destructive-confirm | status=ALLOWED_WITH_CONFIRMATION | cmd=rm -rf /tmp/foo # MB_CONFIRMED
2026-05-11T00:35:33Z | hook=pre-tool-secret-scan | tool=Write | path=src/config.ts | status=BLOCKED | pattern=AKIA[0-9A-Z]{16}
2026-05-11T00:35:33Z | hook=pre-tool-secret-scan | tool=Write | path=src/config.ts | status=BLOCKED | pattern=ghp_[A-Za-z0-9]{36}
2026-05-11T00:35:33Z | hook=pre-tool-secret-scan | tool=Write | path=src/config.ts | status=BLOCKED | pattern=-----BEGIN (RSA|EC|DSA|OPENSSH|PGP) PRIVATE KEY-----
2026-05-11T00:35:33Z | hook=pre-bash-destructive-confirm | status=BLOCKED | cmd=rm -rf /tmp/test-data
2026-05-11T00:35:33Z | hook=pre-bash-destructive-confirm | status=BLOCKED | cmd=git push origin main --force
2026-05-11T00:35:33Z | hook=pre-bash-destructive-confirm | status=BLOCKED | cmd=git reset --hard HEAD~5
2026-05-11T00:35:33Z | hook=pre-bash-destructive-confirm | status=BLOCKED | cmd=psql -c "DROP TABLE users"
2026-05-11T00:35:34Z | hook=pre-bash-destructive-confirm | status=ALLOWED_WITH_CONFIRMATION | cmd=rm -rf /tmp/foo # MB_CONFIRMED
2026-05-11T00:35:35Z | hook=pre-tool-secret-scan | tool=Write | path=src/config.ts | status=BLOCKED | pattern=AKIA[0-9A-Z]{16}
2026-05-11T00:35:36Z | hook=pre-tool-secret-scan | tool=Write | path=src/config.ts | status=BLOCKED | pattern=ghp_[A-Za-z0-9]{36}
2026-05-11T00:35:36Z | hook=pre-tool-secret-scan | tool=Write | path=src/config.ts | status=BLOCKED | pattern=-----BEGIN (RSA|EC|DSA|OPENSSH|PGP) PRIVATE KEY-----
2026-05-11T00:35:36Z | hook=pre-bash-destructive-confirm | status=BLOCKED | cmd=rm -rf /tmp/test-data
2026-05-11T00:35:36Z | hook=pre-bash-destructive-confirm | status=BLOCKED | cmd=git push origin main --force
2026-05-11T00:35:36Z | hook=pre-bash-destructive-confirm | status=BLOCKED | cmd=git reset --hard HEAD~5
2026-05-11T00:35:36Z | hook=pre-bash-destructive-confirm | status=BLOCKED | cmd=psql -c "DROP TABLE users"
2026-05-11T00:35:36Z | hook=pre-bash-destructive-confirm | status=ALLOWED_WITH_CONFIRMATION | cmd=rm -rf /tmp/foo # MB_CONFIRMED
