2026-05-10T23:25:56Z | hook=pre-tool-pii-scan | tool=Write | path=/tmp/cliente.ts | status=BLOCKED | type=CPF
2026-05-10T23:26:04Z | hook=pre-tool-pii-scan | tool=Write | path=/tmp/cliente.ts | status=BLOCKED | type=CPF
2026-05-10T23:26:41Z | hook=pre-tool-pii-scan | tool=Write | path=/tmp/cliente.ts | status=BLOCKED | type=CPF
2026-05-10T23:26:42Z | hook=pre-tool-private-key-scan | tool=Write | path=/tmp/key.txt | status=BLOCKED
2026-05-10T23:53:09Z | hook=pre-tool-pii-scan | tool=Write | path=src/cliente.ts | status=BLOCKED | type=CPF
2026-05-10T23:53:09Z | hook=pre-tool-pii-scan | tool=Write | path=src/empresa.ts | status=BLOCKED | type=CNPJ
2026-05-10T23:53:09Z | hook=pre-tool-pii-scan | tool=Write | path=src/pagamento.ts | status=BLOCKED | type=CARD
2026-05-10T23:53:09Z | hook=pre-tool-pii-scan | tool=Write | path=src/pagamento.ts | status=BLOCKED | type=CARD
2026-05-10T23:53:09Z | hook=pre-tool-pii-scan | tool=Write | path=src/pagamento.ts | status=BLOCKED | type=CARD
2026-05-10T23:53:09Z | hook=pre-tool-private-key-scan | tool=Write | path=src/key.pem | status=BLOCKED
2026-05-10T23:53:18Z | hook=pre-tool-pii-scan | tool=Write | path=src/cliente.ts | status=BLOCKED | type=CPF
2026-05-10T23:53:18Z | hook=pre-tool-pii-scan | tool=Write | path=src/empresa.ts | status=BLOCKED | type=CNPJ
2026-05-10T23:53:18Z | hook=pre-tool-pii-scan | tool=Write | path=src/pagamento.ts | status=BLOCKED | type=CARD
2026-05-10T23:53:18Z | hook=pre-tool-pii-scan | tool=Write | path=src/pagamento.ts | status=BLOCKED | type=CARD
2026-05-10T23:53:18Z | hook=pre-tool-pii-scan | tool=Write | path=src/pagamento.ts | status=BLOCKED | type=CARD
2026-05-10T23:53:18Z | hook=pre-tool-private-key-scan | tool=Write | path=src/key.pem | status=BLOCKED
2026-05-10T23:54:34Z | hook=pre-tool-pii-scan | tool=Write | path=src/cliente.ts | status=BLOCKED | type=CPF
2026-05-10T23:54:34Z | hook=pre-tool-pii-scan | tool=Write | path=src/empresa.ts | status=BLOCKED | type=CNPJ
2026-05-10T23:54:34Z | hook=pre-tool-pii-scan | tool=Write | path=src/pagamento.ts | status=BLOCKED | type=CARD
2026-05-10T23:54:34Z | hook=pre-tool-pii-scan | tool=Write | path=src/pagamento.ts | status=BLOCKED | type=CARD
2026-05-10T23:54:34Z | hook=pre-tool-pii-scan | tool=Write | path=src/pagamento.ts | status=BLOCKED | type=CARD
2026-05-10T23:54:34Z | hook=pre-tool-private-key-scan | tool=Write | path=src/key.pem | status=BLOCKED
2026-05-10T23:54:34Z | hook=pre-tool-private-key-scan | tool=Write | path=src/eth.ts | status=BLOCKED
2026-05-10T23:54:42Z | hook=pre-tool-pii-scan | tool=Write | path=src/cliente.ts | status=BLOCKED | type=CPF
2026-05-10T23:54:42Z | hook=pre-tool-pii-scan | tool=Write | path=src/empresa.ts | status=BLOCKED | type=CNPJ
2026-05-10T23:54:42Z | hook=pre-tool-pii-scan | tool=Write | path=src/pagamento.ts | status=BLOCKED | type=CARD
2026-05-10T23:54:42Z | hook=pre-tool-pii-scan | tool=Write | path=src/pagamento.ts | status=BLOCKED | type=CARD
2026-05-10T23:54:42Z | hook=pre-tool-pii-scan | tool=Write | path=src/pagamento.ts | status=BLOCKED | type=CARD
2026-05-10T23:54:42Z | hook=pre-tool-private-key-scan | tool=Write | path=src/key.pem | status=BLOCKED
2026-05-10T23:54:42Z | hook=pre-tool-private-key-scan | tool=Write | path=src/eth.ts | status=BLOCKED
2026-05-10T23:55:03Z | hook=pre-tool-pii-scan | tool=Write | path=src/cliente.ts | status=BLOCKED | type=CPF
2026-05-10T23:55:03Z | hook=pre-tool-pii-scan | tool=Write | path=src/empresa.ts | status=BLOCKED | type=CNPJ
2026-05-10T23:55:03Z | hook=pre-tool-pii-scan | tool=Write | path=src/pagamento.ts | status=BLOCKED | type=CARD
2026-05-10T23:55:03Z | hook=pre-tool-pii-scan | tool=Write | path=src/pagamento.ts | status=BLOCKED | type=CARD
2026-05-10T23:55:03Z | hook=pre-tool-pii-scan | tool=Write | path=src/pagamento.ts | status=BLOCKED | type=CARD
2026-05-10T23:55:03Z | hook=pre-tool-private-key-scan | tool=Write | path=src/key.pem | status=BLOCKED
2026-05-10T23:55:03Z | hook=pre-tool-private-key-scan | tool=Write | path=src/wallet.json | status=BLOCKED
2026-05-10T23:55:03Z | hook=pre-tool-private-key-scan | tool=Write | path=src/eth.ts | status=BLOCKED
2026-05-10T23:56:13Z | hook=pre-tool-pii-scan | tool=Write | path=src/cliente.ts | status=BLOCKED | type=CPF
2026-05-10T23:56:13Z | hook=pre-tool-pii-scan | tool=Write | path=src/empresa.ts | status=BLOCKED | type=CNPJ
2026-05-10T23:56:13Z | hook=pre-tool-pii-scan | tool=Write | path=src/pagamento.ts | status=BLOCKED | type=CARD
2026-05-10T23:56:13Z | hook=pre-tool-pii-scan | tool=Write | path=src/pagamento.ts | status=BLOCKED | type=CARD
2026-05-10T23:56:13Z | hook=pre-tool-pii-scan | tool=Write | path=src/pagamento.ts | status=BLOCKED | type=CARD
2026-05-10T23:56:13Z | hook=pre-tool-private-key-scan | tool=Write | path=src/key.pem | status=BLOCKED
2026-05-10T23:56:13Z | hook=pre-tool-private-key-scan | tool=Write | path=src/wallet.json | status=BLOCKED
2026-05-10T23:56:13Z | hook=pre-tool-private-key-scan | tool=Write | path=src/eth.ts | status=BLOCKED
2026-05-11T00:01:14Z | hook=pre-tool-pii-scan | tool=Write | path=src/cliente.ts | status=BLOCKED | type=CPF
2026-05-11T00:01:14Z | hook=pre-tool-pii-scan | tool=Write | path=src/empresa.ts | status=BLOCKED | type=CNPJ
2026-05-11T00:01:14Z | hook=pre-tool-pii-scan | tool=Write | path=src/pagamento.ts | status=BLOCKED | type=CARD
2026-05-11T00:01:14Z | hook=pre-tool-pii-scan | tool=Write | path=src/pagamento.ts | status=BLOCKED | type=CARD
2026-05-11T00:01:14Z | hook=pre-tool-pii-scan | tool=Write | path=src/pagamento.ts | status=BLOCKED | type=CARD
2026-05-11T00:01:14Z | hook=pre-tool-private-key-scan | tool=Write | path=src/key.pem | status=BLOCKED
2026-05-11T00:01:14Z | hook=pre-tool-private-key-scan | tool=Write | path=src/wallet.json | status=BLOCKED
2026-05-11T00:01:14Z | hook=pre-tool-private-key-scan | tool=Write | path=src/eth.ts | status=BLOCKED
2026-05-11T00:10:32Z | hook=pre-tool-pii-scan | tool=Write | path=src/cliente.ts | status=BLOCKED | type=CPF
2026-05-11T00:10:32Z | hook=pre-tool-pii-scan | tool=Write | path=src/empresa.ts | status=BLOCKED | type=CNPJ
2026-05-11T00:10:32Z | hook=pre-tool-pii-scan | tool=Write | path=src/pagamento.ts | status=BLOCKED | type=CARD
2026-05-11T00:10:32Z | hook=pre-tool-pii-scan | tool=Write | path=src/pagamento.ts | status=BLOCKED | type=CARD
2026-05-11T00:10:32Z | hook=pre-tool-pii-scan | tool=Write | path=src/pagamento.ts | status=BLOCKED | type=CARD
2026-05-11T00:10:32Z | hook=pre-tool-private-key-scan | tool=Write | path=src/key.pem | status=BLOCKED
2026-05-11T00:10:32Z | hook=pre-tool-private-key-scan | tool=Write | path=src/wallet.json | status=BLOCKED
2026-05-11T00:10:32Z | hook=pre-tool-private-key-scan | tool=Write | path=src/eth.ts | status=BLOCKED
2026-05-11T00:10:38Z | hook=pre-tool-pii-scan | tool=Write | path=src/cliente.ts | status=BLOCKED | type=CPF
2026-05-11T00:10:38Z | hook=pre-tool-pii-scan | tool=Write | path=src/empresa.ts | status=BLOCKED | type=CNPJ
2026-05-11T00:10:38Z | hook=pre-tool-pii-scan | tool=Write | path=src/pagamento.ts | status=BLOCKED | type=CARD
2026-05-11T00:10:38Z | hook=pre-tool-pii-scan | tool=Write | path=src/pagamento.ts | status=BLOCKED | type=CARD
2026-05-11T00:10:38Z | hook=pre-tool-pii-scan | tool=Write | path=src/pagamento.ts | status=BLOCKED | type=CARD
2026-05-11T00:10:38Z | hook=pre-tool-private-key-scan | tool=Write | path=src/key.pem | status=BLOCKED
2026-05-11T00:10:38Z | hook=pre-tool-private-key-scan | tool=Write | path=src/wallet.json | status=BLOCKED
2026-05-11T00:10:38Z | hook=pre-tool-private-key-scan | tool=Write | path=src/eth.ts | status=BLOCKED
2026-05-11T00:11:04Z | hook=pre-tool-pii-scan | tool=Write | path=src/cliente.ts | status=BLOCKED | type=CPF
2026-05-11T00:11:04Z | hook=pre-tool-pii-scan | tool=Write | path=src/empresa.ts | status=BLOCKED | type=CNPJ
2026-05-11T00:11:04Z | hook=pre-tool-pii-scan | tool=Write | path=src/pagamento.ts | status=BLOCKED | type=CARD
2026-05-11T00:11:05Z | hook=pre-tool-pii-scan | tool=Write | path=src/pagamento.ts | status=BLOCKED | type=CARD
2026-05-11T00:11:05Z | hook=pre-tool-pii-scan | tool=Write | path=src/pagamento.ts | status=BLOCKED | type=CARD
2026-05-11T00:11:05Z | hook=pre-tool-private-key-scan | tool=Write | path=src/key.pem | status=BLOCKED
2026-05-11T00:11:05Z | hook=pre-tool-private-key-scan | tool=Write | path=src/wallet.json | status=BLOCKED
2026-05-11T00:11:05Z | hook=pre-tool-private-key-scan | tool=Write | path=src/eth.ts | status=BLOCKED
2026-05-11T00:11:32Z | hook=pre-tool-pii-scan | tool=Write | path=src/cliente.ts | status=BLOCKED | type=CPF
2026-05-11T00:11:32Z | hook=pre-tool-pii-scan | tool=Write | path=src/empresa.ts | status=BLOCKED | type=CNPJ
2026-05-11T00:11:32Z | hook=pre-tool-pii-scan | tool=Write | path=src/pagamento.ts | status=BLOCKED | type=CARD
2026-05-11T00:11:32Z | hook=pre-tool-pii-scan | tool=Write | path=src/pagamento.ts | status=BLOCKED | type=CARD
2026-05-11T00:11:32Z | hook=pre-tool-pii-scan | tool=Write | path=src/pagamento.ts | status=BLOCKED | type=CARD
2026-05-11T00:11:32Z | hook=pre-tool-private-key-scan | tool=Write | path=src/key.pem | status=BLOCKED
2026-05-11T00:11:32Z | hook=pre-tool-private-key-scan | tool=Write | path=src/wallet.json | status=BLOCKED
2026-05-11T00:11:32Z | hook=pre-tool-private-key-scan | tool=Write | path=src/eth.ts | status=BLOCKED
2026-05-11T00:13:09Z | hook=pre-tool-pii-scan | tool=Write | path=src/cliente.ts | status=BLOCKED | type=CPF
2026-05-11T00:13:09Z | hook=pre-tool-pii-scan | tool=Write | path=src/empresa.ts | status=BLOCKED | type=CNPJ
2026-05-11T00:13:09Z | hook=pre-tool-pii-scan | tool=Write | path=src/pagamento.ts | status=BLOCKED | type=CARD
2026-05-11T00:13:09Z | hook=pre-tool-pii-scan | tool=Write | path=src/pagamento.ts | status=BLOCKED | type=CARD
2026-05-11T00:13:09Z | hook=pre-tool-pii-scan | tool=Write | path=src/pagamento.ts | status=BLOCKED | type=CARD
2026-05-11T00:13:09Z | hook=pre-tool-private-key-scan | tool=Write | path=src/key.pem | status=BLOCKED
2026-05-11T00:13:09Z | hook=pre-tool-private-key-scan | tool=Write | path=src/wallet.json | status=BLOCKED
2026-05-11T00:13:09Z | hook=pre-tool-private-key-scan | tool=Write | path=src/eth.ts | status=BLOCKED
2026-05-11T00:13:59Z | hook=pre-tool-pii-scan | tool=Write | path=src/cliente.ts | status=BLOCKED | type=CPF
2026-05-11T00:13:59Z | hook=pre-tool-pii-scan | tool=Write | path=src/empresa.ts | status=BLOCKED | type=CNPJ
2026-05-11T00:13:59Z | hook=pre-tool-pii-scan | tool=Write | path=src/pagamento.ts | status=BLOCKED | type=CARD
2026-05-11T00:13:59Z | hook=pre-tool-pii-scan | tool=Write | path=src/pagamento.ts | status=BLOCKED | type=CARD
2026-05-11T00:13:59Z | hook=pre-tool-pii-scan | tool=Write | path=src/pagamento.ts | status=BLOCKED | type=CARD
2026-05-11T00:13:59Z | hook=pre-tool-private-key-scan | tool=Write | path=src/key.pem | status=BLOCKED
2026-05-11T00:13:59Z | hook=pre-tool-private-key-scan | tool=Write | path=src/wallet.json | status=BLOCKED
2026-05-11T00:13:59Z | hook=pre-tool-private-key-scan | tool=Write | path=src/eth.ts | status=BLOCKED
2026-05-11T00:33:21Z | hook=pre-tool-pii-scan | tool=Write | path=src/cliente.ts | status=BLOCKED | type=CPF
2026-05-11T00:33:21Z | hook=pre-tool-pii-scan | tool=Write | path=src/empresa.ts | status=BLOCKED | type=CNPJ
2026-05-11T00:33:21Z | hook=pre-tool-pii-scan | tool=Write | path=src/pagamento.ts | status=BLOCKED | type=CARD
2026-05-11T00:33:21Z | hook=pre-tool-pii-scan | tool=Write | path=src/pagamento.ts | status=BLOCKED | type=CARD
2026-05-11T00:33:22Z | hook=pre-tool-pii-scan | tool=Write | path=src/pagamento.ts | status=BLOCKED | type=CARD
2026-05-11T00:33:22Z | hook=pre-tool-private-key-scan | tool=Write | path=src/key.pem | status=BLOCKED
2026-05-11T00:33:22Z | hook=pre-tool-private-key-scan | tool=Write | path=src/wallet.json | status=BLOCKED
2026-05-11T00:33:22Z | hook=pre-tool-private-key-scan | tool=Write | path=src/eth.ts | status=BLOCKED
2026-05-11T00:33:38Z | hook=pre-tool-pii-scan | tool=Write | path=src/cliente.ts | status=BLOCKED | type=CPF
2026-05-11T00:33:38Z | hook=pre-tool-pii-scan | tool=Write | path=src/empresa.ts | status=BLOCKED | type=CNPJ
2026-05-11T00:33:38Z | hook=pre-tool-pii-scan | tool=Write | path=src/pagamento.ts | status=BLOCKED | type=CARD
2026-05-11T00:33:39Z | hook=pre-tool-pii-scan | tool=Write | path=src/pagamento.ts | status=BLOCKED | type=CARD
2026-05-11T00:33:39Z | hook=pre-tool-pii-scan | tool=Write | path=src/pagamento.ts | status=BLOCKED | type=CARD
2026-05-11T00:33:39Z | hook=pre-tool-private-key-scan | tool=Write | path=src/key.pem | status=BLOCKED
2026-05-11T00:33:39Z | hook=pre-tool-private-key-scan | tool=Write | path=src/wallet.json | status=BLOCKED
2026-05-11T00:33:39Z | hook=pre-tool-private-key-scan | tool=Write | path=src/eth.ts | status=BLOCKED
2026-05-11T00:33:41Z | hook=pre-tool-pii-scan | tool=Write | path=src/cliente.ts | status=BLOCKED | type=CPF
2026-05-11T00:33:41Z | hook=pre-tool-pii-scan | tool=Write | path=src/empresa.ts | status=BLOCKED | type=CNPJ
2026-05-11T00:33:41Z | hook=pre-tool-pii-scan | tool=Write | path=src/pagamento.ts | status=BLOCKED | type=CARD
2026-05-11T00:33:41Z | hook=pre-tool-pii-scan | tool=Write | path=src/pagamento.ts | status=BLOCKED | type=CARD
2026-05-11T00:33:41Z | hook=pre-tool-pii-scan | tool=Write | path=src/pagamento.ts | status=BLOCKED | type=CARD
2026-05-11T00:33:41Z | hook=pre-tool-private-key-scan | tool=Write | path=src/key.pem | status=BLOCKED
2026-05-11T00:33:41Z | hook=pre-tool-private-key-scan | tool=Write | path=src/wallet.json | status=BLOCKED
2026-05-11T00:33:41Z | hook=pre-tool-private-key-scan | tool=Write | path=src/eth.ts | status=BLOCKED
2026-05-11T00:33:43Z | hook=pre-tool-pii-scan | tool=Write | path=src/cliente.ts | status=BLOCKED | type=CPF
2026-05-11T00:33:44Z | hook=pre-tool-pii-scan | tool=Write | path=src/empresa.ts | status=BLOCKED | type=CNPJ
2026-05-11T00:33:44Z | hook=pre-tool-pii-scan | tool=Write | path=src/pagamento.ts | status=BLOCKED | type=CARD
2026-05-11T00:33:44Z | hook=pre-tool-pii-scan | tool=Write | path=src/pagamento.ts | status=BLOCKED | type=CARD
2026-05-11T00:33:44Z | hook=pre-tool-pii-scan | tool=Write | path=src/pagamento.ts | status=BLOCKED | type=CARD
2026-05-11T00:33:44Z | hook=pre-tool-private-key-scan | tool=Write | path=src/key.pem | status=BLOCKED
2026-05-11T00:33:44Z | hook=pre-tool-private-key-scan | tool=Write | path=src/wallet.json | status=BLOCKED
2026-05-11T00:33:44Z | hook=pre-tool-private-key-scan | tool=Write | path=src/eth.ts | status=BLOCKED
2026-05-11T00:33:46Z | hook=pre-tool-pii-scan | tool=Write | path=src/cliente.ts | status=BLOCKED | type=CPF
2026-05-11T00:33:46Z | hook=pre-tool-pii-scan | tool=Write | path=src/empresa.ts | status=BLOCKED | type=CNPJ
2026-05-11T00:33:46Z | hook=pre-tool-pii-scan | tool=Write | path=src/pagamento.ts | status=BLOCKED | type=CARD
2026-05-11T00:33:46Z | hook=pre-tool-pii-scan | tool=Write | path=src/pagamento.ts | status=BLOCKED | type=CARD
2026-05-11T00:33:46Z | hook=pre-tool-pii-scan | tool=Write | path=src/pagamento.ts | status=BLOCKED | type=CARD
2026-05-11T00:33:46Z | hook=pre-tool-private-key-scan | tool=Write | path=src/key.pem | status=BLOCKED
2026-05-11T00:33:46Z | hook=pre-tool-private-key-scan | tool=Write | path=src/wallet.json | status=BLOCKED
2026-05-11T00:33:46Z | hook=pre-tool-private-key-scan | tool=Write | path=src/eth.ts | status=BLOCKED
2026-05-11T00:33:49Z | hook=pre-tool-pii-scan | tool=Write | path=src/cliente.ts | status=BLOCKED | type=CPF
2026-05-11T00:33:49Z | hook=pre-tool-pii-scan | tool=Write | path=src/empresa.ts | status=BLOCKED | type=CNPJ
2026-05-11T00:33:49Z | hook=pre-tool-pii-scan | tool=Write | path=src/pagamento.ts | status=BLOCKED | type=CARD
2026-05-11T00:33:49Z | hook=pre-tool-pii-scan | tool=Write | path=src/pagamento.ts | status=BLOCKED | type=CARD
2026-05-11T00:33:49Z | hook=pre-tool-pii-scan | tool=Write | path=src/pagamento.ts | status=BLOCKED | type=CARD
2026-05-11T00:33:49Z | hook=pre-tool-private-key-scan | tool=Write | path=src/key.pem | status=BLOCKED
2026-05-11T00:33:49Z | hook=pre-tool-private-key-scan | tool=Write | path=src/wallet.json | status=BLOCKED
2026-05-11T00:33:49Z | hook=pre-tool-private-key-scan | tool=Write | path=src/eth.ts | status=BLOCKED
2026-05-11T00:34:03Z | hook=pre-tool-pii-scan | tool=Write | path=src/cliente.ts | status=BLOCKED | type=CPF
2026-05-11T00:34:03Z | hook=pre-tool-pii-scan | tool=Write | path=src/empresa.ts | status=BLOCKED | type=CNPJ
2026-05-11T00:34:03Z | hook=pre-tool-pii-scan | tool=Write | path=src/pagamento.ts | status=BLOCKED | type=CARD
2026-05-11T00:34:03Z | hook=pre-tool-pii-scan | tool=Write | path=src/pagamento.ts | status=BLOCKED | type=CARD
2026-05-11T00:34:03Z | hook=pre-tool-pii-scan | tool=Write | path=src/pagamento.ts | status=BLOCKED | type=CARD
2026-05-11T00:34:03Z | hook=pre-tool-private-key-scan | tool=Write | path=src/key.pem | status=BLOCKED
2026-05-11T00:34:03Z | hook=pre-tool-private-key-scan | tool=Write | path=src/wallet.json | status=BLOCKED
2026-05-11T00:34:03Z | hook=pre-tool-private-key-scan | tool=Write | path=src/eth.ts | status=BLOCKED
2026-05-11T00:34:05Z | hook=pre-tool-pii-scan | tool=Write | path=src/cliente.ts | status=BLOCKED | type=CPF
2026-05-11T00:34:05Z | hook=pre-tool-pii-scan | tool=Write | path=src/empresa.ts | status=BLOCKED | type=CNPJ
2026-05-11T00:34:05Z | hook=pre-tool-pii-scan | tool=Write | path=src/pagamento.ts | status=BLOCKED | type=CARD
2026-05-11T00:34:05Z | hook=pre-tool-pii-scan | tool=Write | path=src/pagamento.ts | status=BLOCKED | type=CARD
2026-05-11T00:34:05Z | hook=pre-tool-pii-scan | tool=Write | path=src/pagamento.ts | status=BLOCKED | type=CARD
2026-05-11T00:34:05Z | hook=pre-tool-private-key-scan | tool=Write | path=src/key.pem | status=BLOCKED
2026-05-11T00:34:05Z | hook=pre-tool-private-key-scan | tool=Write | path=src/wallet.json | status=BLOCKED
2026-05-11T00:34:06Z | hook=pre-tool-private-key-scan | tool=Write | path=src/eth.ts | status=BLOCKED
2026-05-11T00:34:08Z | hook=pre-tool-pii-scan | tool=Write | path=src/cliente.ts | status=BLOCKED | type=CPF
2026-05-11T00:34:08Z | hook=pre-tool-pii-scan | tool=Write | path=src/empresa.ts | status=BLOCKED | type=CNPJ
2026-05-11T00:34:08Z | hook=pre-tool-pii-scan | tool=Write | path=src/pagamento.ts | status=BLOCKED | type=CARD
2026-05-11T00:34:08Z | hook=pre-tool-pii-scan | tool=Write | path=src/pagamento.ts | status=BLOCKED | type=CARD
2026-05-11T00:34:08Z | hook=pre-tool-pii-scan | tool=Write | path=src/pagamento.ts | status=BLOCKED | type=CARD
2026-05-11T00:34:08Z | hook=pre-tool-private-key-scan | tool=Write | path=src/key.pem | status=BLOCKED
2026-05-11T00:34:08Z | hook=pre-tool-private-key-scan | tool=Write | path=src/wallet.json | status=BLOCKED
2026-05-11T00:34:08Z | hook=pre-tool-private-key-scan | tool=Write | path=src/eth.ts | status=BLOCKED
2026-05-11T00:34:10Z | hook=pre-tool-pii-scan | tool=Write | path=src/cliente.ts | status=BLOCKED | type=CPF
2026-05-11T00:34:10Z | hook=pre-tool-pii-scan | tool=Write | path=src/empresa.ts | status=BLOCKED | type=CNPJ
2026-05-11T00:34:10Z | hook=pre-tool-pii-scan | tool=Write | path=src/pagamento.ts | status=BLOCKED | type=CARD
2026-05-11T00:34:10Z | hook=pre-tool-pii-scan | tool=Write | path=src/pagamento.ts | status=BLOCKED | type=CARD
2026-05-11T00:34:10Z | hook=pre-tool-pii-scan | tool=Write | path=src/pagamento.ts | status=BLOCKED | type=CARD
2026-05-11T00:34:10Z | hook=pre-tool-private-key-scan | tool=Write | path=src/key.pem | status=BLOCKED
2026-05-11T00:34:10Z | hook=pre-tool-private-key-scan | tool=Write | path=src/wallet.json | status=BLOCKED
2026-05-11T00:34:10Z | hook=pre-tool-private-key-scan | tool=Write | path=src/eth.ts | status=BLOCKED
2026-05-11T00:34:12Z | hook=pre-tool-pii-scan | tool=Write | path=src/cliente.ts | status=BLOCKED | type=CPF
2026-05-11T00:34:12Z | hook=pre-tool-pii-scan | tool=Write | path=src/empresa.ts | status=BLOCKED | type=CNPJ
2026-05-11T00:34:13Z | hook=pre-tool-pii-scan | tool=Write | path=src/pagamento.ts | status=BLOCKED | type=CARD
2026-05-11T00:34:13Z | hook=pre-tool-pii-scan | tool=Write | path=src/pagamento.ts | status=BLOCKED | type=CARD
2026-05-11T00:34:13Z | hook=pre-tool-pii-scan | tool=Write | path=src/pagamento.ts | status=BLOCKED | type=CARD
2026-05-11T00:34:13Z | hook=pre-tool-private-key-scan | tool=Write | path=src/key.pem | status=BLOCKED
2026-05-11T00:34:13Z | hook=pre-tool-private-key-scan | tool=Write | path=src/wallet.json | status=BLOCKED
2026-05-11T00:34:13Z | hook=pre-tool-private-key-scan | tool=Write | path=src/eth.ts | status=BLOCKED
